<?xml version="1.0" encoding="UTF-8"?>
<coverage generated="1762886457879" clover="3.2.0">
  <project timestamp="1762886457879" name="All files">
    <metrics statements="6" coveredstatements="3" conditionals="0" coveredconditionals="0" methods="2" coveredmethods="1" elements="8" coveredelements="4" complexity="0" loc="6" ncloc="6" packages="1" files="2" classes="2"/>
    <file name="App.tsx" path="C:\Project\react\react-vite-app\src\App.tsx">
      <metrics statements="3" coveredstatements="0" conditionals="0" coveredconditionals="0" methods="1" coveredmethods="0"/>
      <line num="1" count="0" type="stmt"/>
      <line num="4" count="0" type="stmt"/>
      <line num="11" count="0" type="stmt"/>
    </file>
    <file name="Users.tsx" path="C:\Project\react\react-vite-app\src\Users.tsx">
      <metrics statements="3" coveredstatements="3" conditionals="0" coveredconditionals="0" methods="1" coveredmethods="1"/>
      <line num="1" count="1" type="stmt"/>
      <line num="2" count="2" type="stmt"/>
      <line num="13" count="1" type="stmt"/>
    </file>
  </project>
</coverage>
